<?xml version="1.0" encoding="UTF-8"?>
<testsuite xmlns:xsi="http://www.w3.org/2001/XMLSchema-instance" xsi:noNamespaceSchemaLocation="https://maven.apache.org/surefire/maven-surefire-plugin/xsd/surefire-test-report-3.0.xsd" version="3.0" name="com.example.posganize.repository.TrainingRepositoryTest" time="2.727" tests="4" errors="0" skipped="0" failures="0">
  <properties>
[...]
</properties>
  <testcase name="countUsersByTraining" classname="com.example.posganize.repository.TrainingRepositoryTest" time="0.749">
    <system-out><![CDATA[2024-01-04T14:48:26.092+01:00  INFO 11888 --- [           main] t.c.s.AnnotationConfigContextLoaderUtils : Could not detect default configuration classes for test class [com.example.posganize.repository.TrainingRepositoryTest]: TrainingRepositoryTest does not declare any static, non-private, non-final, nested classes annotated with @Configuration.
2024-01-04T14:48:26.100+01:00  INFO 11888 --- [           main] .b.t.c.SpringBootTestContextBootstrapper : Found @SpringBootConfiguration com.example.posganize.PosganizeApplication for test class com.example.posganize.repository.TrainingRepositoryTest
2024-01-04T14:48:26.104+01:00  INFO 11888 --- [           main] j.LocalContainerEntityManagerFactoryBean : Closing JPA EntityManagerFactory for persistence unit 'default'

  .   ____          _            __ _ _
 /\\ / ___'_ __ _ _(_)_ __  __ _ \ \ \ \
( ( )\___ | '_ | '_| | '_ \/ _` | \ \ \ \
 \\/  ___)| |_)| | | | | || (_| |  ) ) ) )
  '  |____| .__|_| |_|_| |_\__, | / / / /
 =========|_|==============|___/=/_/_/_/
 :: Spring Boot ::                (v3.1.3)

2024-01-04T14:48:26.138+01:00  INFO 11888 --- [           main] c.e.p.repository.TrainingRepositoryTest  : Starting TrainingRepositoryTest using Java 17.0.7 with PID 11888 (started by DzOnZi in C:\Users\DzOnZi\Desktop\Posganize.be)
2024-01-04T14:48:26.138+01:00  INFO 11888 --- [           main] c.e.p.repository.TrainingRepositoryTest  : No active profile set, falling back to 1 default profile: "default"
2024-01-04T14:48:26.287+01:00  INFO 11888 --- [           main] .s.d.r.c.RepositoryConfigurationDelegate : Bootstrapping Spring Data JPA repositories in DEFAULT mode.
2024-01-04T14:48:26.324+01:00  INFO 11888 --- [           main] .s.d.r.c.RepositoryConfigurationDelegate : Finished Spring Data repository scanning in 36 ms. Found 7 JPA repository interfaces.
2024-01-04T14:48:26.335+01:00  INFO 11888 --- [           main] beddedDataSourceBeanFactoryPostProcessor : Replacing 'dataSource' DataSource bean with embedded version
2024-01-04T14:48:26.344+01:00  INFO 11888 --- [           main] o.s.j.d.e.EmbeddedDatabaseFactory        : Starting embedded database: url='jdbc:h2:mem:70c9c2bc-2e66-494f-9ac6-d6efa534ddb3;DB_CLOSE_DELAY=-1;DB_CLOSE_ON_EXIT=false', username='sa'
2024-01-04T14:48:26.367+01:00  INFO 11888 --- [           main] o.hibernate.jpa.internal.util.LogHelper  : HHH000204: Processing PersistenceUnitInfo [name: default]
2024-01-04T14:48:26.382+01:00  INFO 11888 --- [           main] o.h.b.i.BytecodeProviderInitiator        : HHH000021: Bytecode provider name : bytebuddy
2024-01-04T14:48:26.382+01:00  INFO 11888 --- [           main] o.s.o.j.p.SpringPersistenceUnitInfo      : No LoadTimeWeaver setup: ignoring JPA class transformer
2024-01-04T14:48:26.421+01:00  INFO 11888 --- [           main] o.hibernate.id.enhanced.TableGenerator   : HHH000398: Explicit segment value for id generator [hibernate_sequences.sequence_name] suggested; using default [default]
2024-01-04T14:48:26.422+01:00  INFO 11888 --- [           main] o.h.b.i.BytecodeProviderInitiator        : HHH000021: Bytecode provider name : bytebuddy
2024-01-04T14:48:26.561+01:00  INFO 11888 --- [           main] o.h.e.t.j.p.i.JtaPlatformInitiator       : HHH000490: Using JtaPlatform implementation: [org.hibernate.engine.transaction.jta.platform.internal.NoJtaPlatform]
Hibernate: 
    create table club_news (
        news_id bigint generated by default as identity,
        created_at timestamp(6),
        description varchar(100000),
        image varchar(255),
        name varchar(255),
        created_by bigint,
        primary key (news_id)
    )
Hibernate: 
    create table club_rules (
        rules_id bigint generated by default as identity,
        description varchar(10000),
        image varchar(255),
        name varchar(255),
        primary key (rules_id)
    )
Hibernate: 
    create table hibernate_sequences (
        sequence_name varchar(255) not null,
        next_val bigint,
        primary key (sequence_name)
    )
Hibernate: 
    insert into hibernate_sequences(sequence_name, next_val) values ('default',0)
Hibernate: 
    create table membership (
        membership_id bigint generated by default as identity,
        active boolean,
        expire_date timestamp(6) not null,
        price float(53) not null,
        start_date timestamp(6) not null,
        user_id bigint,
        primary key (membership_id)
    )
Hibernate: 
    create table membership_training (
        membership_id bigint not null,
        training_id bigint not null,
        primary key (membership_id, training_id)
    )
Hibernate: 
    create table qrcode (
        qrcode_id bigint generated by default as identity,
        active boolean not null,
        expire_date timestamp(6),
        qrcode_value varchar(255),
        start_date timestamp(6),
        user_id bigint,
        primary key (qrcode_id)
    )
Hibernate: 
    create table schedule (
        schedule_id bigint generated by default as identity,
        schedule_day varchar(255),
        schedule_name varchar(255),
        schedule_time varchar(255),
        training_id bigint,
        primary key (schedule_id)
    )
Hibernate: 
    create table token (
        id bigint not null,
        expired boolean not null,
        revoked boolean not null,
        token varchar(255),
        token_type_enum varchar(255) check (token_type_enum in ('BEARER')),
        user_id bigint,
        primary key (id)
    )
Hibernate: 
    create table training (
        training_id bigint generated by default as identity,
        currency varchar(255) check (currency in ('USD')),
        description varchar(100000),
        image varchar(255),
        name varchar(255),
        price float(53) not null,
        primary key (training_id)
    )
Hibernate: 
    create table users (
        user_id bigint generated by default as identity,
        email varchar(255) not null,
        first_name varchar(255) not null,
        image blob,
        last_name varchar(255) not null,
        password varchar(255) not null,
        phone_number varchar(255) not null,
        registration_date timestamp(6),
        role varchar(255) check (role in ('USER','ADMIN','MANAGER')),
        trail_training boolean,
        primary key (user_id)
    )
Hibernate: 
    alter table if exists qrcode 
       drop constraint if exists UK_nbel5ieiwhyhkprxelo5vx7gm
Hibernate: 
    alter table if exists qrcode 
       add constraint UK_nbel5ieiwhyhkprxelo5vx7gm unique (user_id)
Hibernate: 
    alter table if exists users 
       drop constraint if exists UK_6dotkott2kjsp8vw4d0m25fb7
Hibernate: 
    alter table if exists users 
       add constraint UK_6dotkott2kjsp8vw4d0m25fb7 unique (email)
Hibernate: 
    alter table if exists club_news 
       add constraint FKbtgsgl6gji5haywvt3npry1og 
       foreign key (created_by) 
       references users
Hibernate: 
    alter table if exists membership 
       add constraint FK7ccx5hs0p61m5wrwywf0q2cdv 
       foreign key (user_id) 
       references users
Hibernate: 
    alter table if exists membership_training 
       add constraint FKar8fc2l4017ncpjvi676vmxk2 
       foreign key (training_id) 
       references training
Hibernate: 
    alter table if exists membership_training 
       add constraint FKnq2jvhauovkvhxrv3alukmo4f 
       foreign key (membership_id) 
       references membership
Hibernate: 
    alter table if exists qrcode 
       add constraint FK9ihlsvgrbopxh0iugn71o3jgm 
       foreign key (user_id) 
       references users
Hibernate: 
    alter table if exists schedule 
       add constraint FKmgbt1qjunxgpokmfyrt76srok 
       foreign key (training_id) 
       references training
Hibernate: 
    alter table if exists token 
       add constraint FKj8rfw4x0wjjyibfqq566j4qng 
       foreign key (user_id) 
       references users
2024-01-04T14:48:26.579+01:00  INFO 11888 --- [           main] j.LocalContainerEntityManagerFactoryBean : Initialized JPA EntityManagerFactory for persistence unit 'default'
2024-01-04T14:48:26.771+01:00  INFO 11888 --- [           main] c.e.p.repository.TrainingRepositoryTest  : Started TrainingRepositoryTest in 0.664 seconds (process running for 35.765)
Hibernate: 
    insert 
    into
        training
        (currency,description,image,name,price,training_id) 
    values
        (?,?,?,?,?,default)
Hibernate: 
    insert 
    into
        users
        (email,first_name,image,last_name,password,phone_number,registration_date,role,trail_training,user_id) 
    values
        (?,?,?,?,?,?,?,?,?,default)
Hibernate: 
    insert 
    into
        users
        (email,first_name,image,last_name,password,phone_number,registration_date,role,trail_training,user_id) 
    values
        (?,?,?,?,?,?,?,?,?,default)
Hibernate: 
    insert 
    into
        membership
        (active,expire_date,price,start_date,user_id,membership_id) 
    values
        (?,?,?,?,?,default)
Hibernate: 
    insert 
    into
        membership
        (active,expire_date,price,start_date,user_id,membership_id) 
    values
        (?,?,?,?,?,default)
Hibernate: 
    insert 
    into
        membership_training
        (membership_id,training_id) 
    values
        (?,?)
Hibernate: 
    insert 
    into
        membership_training
        (membership_id,training_id) 
    values
        (?,?)
Hibernate: 
    SELECT
        t.name AS training,
        COUNT(u.user_id) AS numberOfMembers 
    FROM
        training t 
    JOIN
        membership_training mt 
            ON t.training_id = mt.training_id 
    JOIN
        membership m 
            ON mt.membership_id = m.membership_id 
    JOIN
        users u 
            ON m.user_id = u.user_id 
    WHERE
        m.start_date BETWEEN ? AND ? 
    GROUP BY
        t.name
[org.springframework.data.jpa.repository.query.AbstractJpaQuery$TupleConverter$TupleBackedMap@33006891]
]]></system-out>
  </testcase>
  <testcase name="countTrainingsBetweenDates" classname="com.example.posganize.repository.TrainingRepositoryTest" time="0.676">
    <system-out><![CDATA[2024-01-04T14:48:26.854+01:00  INFO 11888 --- [           main] j.LocalContainerEntityManagerFactoryBean : Closing JPA EntityManagerFactory for persistence unit 'default'

  .   ____          _            __ _ _
 /\\ / ___'_ __ _ _(_)_ __  __ _ \ \ \ \
( ( )\___ | '_ | '_| | '_ \/ _` | \ \ \ \
 \\/  ___)| |_)| | | | | || (_| |  ) ) ) )
  '  |____| .__|_| |_|_| |_\__, | / / / /
 =========|_|==============|___/=/_/_/_/
 :: Spring Boot ::                (v3.1.3)

2024-01-04T14:48:26.890+01:00  INFO 11888 --- [           main] c.e.p.repository.TrainingRepositoryTest  : Starting TrainingRepositoryTest using Java 17.0.7 with PID 11888 (started by DzOnZi in C:\Users\DzOnZi\Desktop\Posganize.be)
2024-01-04T14:48:26.891+01:00  INFO 11888 --- [           main] c.e.p.repository.TrainingRepositoryTest  : No active profile set, falling back to 1 default profile: "default"
2024-01-04T14:48:27.027+01:00  INFO 11888 --- [           main] .s.d.r.c.RepositoryConfigurationDelegate : Bootstrapping Spring Data JPA repositories in DEFAULT mode.
2024-01-04T14:48:27.074+01:00  INFO 11888 --- [           main] .s.d.r.c.RepositoryConfigurationDelegate : Finished Spring Data repository scanning in 46 ms. Found 7 JPA repository interfaces.
2024-01-04T14:48:27.087+01:00  INFO 11888 --- [           main] beddedDataSourceBeanFactoryPostProcessor : Replacing 'dataSource' DataSource bean with embedded version
2024-01-04T14:48:27.098+01:00  INFO 11888 --- [           main] o.s.j.d.e.EmbeddedDatabaseFactory        : Starting embedded database: url='jdbc:h2:mem:5f9120a0-1aae-45db-973f-72031ca8ac71;DB_CLOSE_DELAY=-1;DB_CLOSE_ON_EXIT=false', username='sa'
2024-01-04T14:48:27.129+01:00  INFO 11888 --- [           main] o.hibernate.jpa.internal.util.LogHelper  : HHH000204: Processing PersistenceUnitInfo [name: default]
2024-01-04T14:48:27.145+01:00  INFO 11888 --- [           main] o.h.b.i.BytecodeProviderInitiator        : HHH000021: Bytecode provider name : bytebuddy
2024-01-04T14:48:27.146+01:00  INFO 11888 --- [           main] o.s.o.j.p.SpringPersistenceUnitInfo      : No LoadTimeWeaver setup: ignoring JPA class transformer
2024-01-04T14:48:27.187+01:00  INFO 11888 --- [           main] o.hibernate.id.enhanced.TableGenerator   : HHH000398: Explicit segment value for id generator [hibernate_sequences.sequence_name] suggested; using default [default]
2024-01-04T14:48:27.189+01:00  INFO 11888 --- [           main] o.h.b.i.BytecodeProviderInitiator        : HHH000021: Bytecode provider name : bytebuddy
2024-01-04T14:48:27.315+01:00  INFO 11888 --- [           main] o.h.e.t.j.p.i.JtaPlatformInitiator       : HHH000490: Using JtaPlatform implementation: [org.hibernate.engine.transaction.jta.platform.internal.NoJtaPlatform]
Hibernate: 
    create table club_news (
        news_id bigint generated by default as identity,
        created_at timestamp(6),
        description varchar(100000),
        image varchar(255),
        name varchar(255),
        created_by bigint,
        primary key (news_id)
    )
Hibernate: 
    create table club_rules (
        rules_id bigint generated by default as identity,
        description varchar(10000),
        image varchar(255),
        name varchar(255),
        primary key (rules_id)
    )
Hibernate: 
    create table hibernate_sequences (
        sequence_name varchar(255) not null,
        next_val bigint,
        primary key (sequence_name)
    )
Hibernate: 
    insert into hibernate_sequences(sequence_name, next_val) values ('default',0)
Hibernate: 
    create table membership (
        membership_id bigint generated by default as identity,
        active boolean,
        expire_date timestamp(6) not null,
        price float(53) not null,
        start_date timestamp(6) not null,
        user_id bigint,
        primary key (membership_id)
    )
Hibernate: 
    create table membership_training (
        membership_id bigint not null,
        training_id bigint not null,
        primary key (membership_id, training_id)
    )
Hibernate: 
    create table qrcode (
        qrcode_id bigint generated by default as identity,
        active boolean not null,
        expire_date timestamp(6),
        qrcode_value varchar(255),
        start_date timestamp(6),
        user_id bigint,
        primary key (qrcode_id)
    )
Hibernate: 
    create table schedule (
        schedule_id bigint generated by default as identity,
        schedule_day varchar(255),
        schedule_name varchar(255),
        schedule_time varchar(255),
        training_id bigint,
        primary key (schedule_id)
    )
Hibernate: 
    create table token (
        id bigint not null,
        expired boolean not null,
        revoked boolean not null,
        token varchar(255),
        token_type_enum varchar(255) check (token_type_enum in ('BEARER')),
        user_id bigint,
        primary key (id)
    )
Hibernate: 
    create table training (
        training_id bigint generated by default as identity,
        currency varchar(255) check (currency in ('USD')),
        description varchar(100000),
        image varchar(255),
        name varchar(255),
        price float(53) not null,
        primary key (training_id)
    )
Hibernate: 
    create table users (
        user_id bigint generated by default as identity,
        email varchar(255) not null,
        first_name varchar(255) not null,
        image blob,
        last_name varchar(255) not null,
        password varchar(255) not null,
        phone_number varchar(255) not null,
        registration_date timestamp(6),
        role varchar(255) check (role in ('USER','ADMIN','MANAGER')),
        trail_training boolean,
        primary key (user_id)
    )
Hibernate: 
    alter table if exists qrcode 
       drop constraint if exists UK_nbel5ieiwhyhkprxelo5vx7gm
Hibernate: 
    alter table if exists qrcode 
       add constraint UK_nbel5ieiwhyhkprxelo5vx7gm unique (user_id)
Hibernate: 
    alter table if exists users 
       drop constraint if exists UK_6dotkott2kjsp8vw4d0m25fb7
Hibernate: 
    alter table if exists users 
       add constraint UK_6dotkott2kjsp8vw4d0m25fb7 unique (email)
Hibernate: 
    alter table if exists club_news 
       add constraint FKbtgsgl6gji5haywvt3npry1og 
       foreign key (created_by) 
       references users
Hibernate: 
    alter table if exists membership 
       add constraint FK7ccx5hs0p61m5wrwywf0q2cdv 
       foreign key (user_id) 
       references users
Hibernate: 
    alter table if exists membership_training 
       add constraint FKar8fc2l4017ncpjvi676vmxk2 
       foreign key (training_id) 
       references training
Hibernate: 
    alter table if exists membership_training 
       add constraint FKnq2jvhauovkvhxrv3alukmo4f 
       foreign key (membership_id) 
       references membership
Hibernate: 
    alter table if exists qrcode 
       add constraint FK9ihlsvgrbopxh0iugn71o3jgm 
       foreign key (user_id) 
       references users
Hibernate: 
    alter table if exists schedule 
       add constraint FKmgbt1qjunxgpokmfyrt76srok 
       foreign key (training_id) 
       references training
Hibernate: 
    alter table if exists token 
       add constraint FKj8rfw4x0wjjyibfqq566j4qng 
       foreign key (user_id) 
       references users
2024-01-04T14:48:27.343+01:00  INFO 11888 --- [           main] j.LocalContainerEntityManagerFactoryBean : Initialized JPA EntityManagerFactory for persistence unit 'default'
2024-01-04T14:48:27.504+01:00  INFO 11888 --- [           main] c.e.p.repository.TrainingRepositoryTest  : Started TrainingRepositoryTest in 0.648 seconds (process running for 36.498)
Hibernate: 
    insert 
    into
        training
        (currency,description,image,name,price,training_id) 
    values
        (?,?,?,?,?,default)
Hibernate: 
    insert 
    into
        training
        (currency,description,image,name,price,training_id) 
    values
        (?,?,?,?,?,default)
Hibernate: 
    insert 
    into
        users
        (email,first_name,image,last_name,password,phone_number,registration_date,role,trail_training,user_id) 
    values
        (?,?,?,?,?,?,?,?,?,default)
Hibernate: 
    insert 
    into
        users
        (email,first_name,image,last_name,password,phone_number,registration_date,role,trail_training,user_id) 
    values
        (?,?,?,?,?,?,?,?,?,default)
Hibernate: 
    insert 
    into
        membership
        (active,expire_date,price,start_date,user_id,membership_id) 
    values
        (?,?,?,?,?,default)
Hibernate: 
    insert 
    into
        membership
        (active,expire_date,price,start_date,user_id,membership_id) 
    values
        (?,?,?,?,?,default)
Hibernate: 
    insert 
    into
        membership_training
        (membership_id,training_id) 
    values
        (?,?)
Hibernate: 
    insert 
    into
        membership_training
        (membership_id,training_id) 
    values
        (?,?)
Hibernate: 
    SELECT
        COUNT(DISTINCT mt.training_id) 
    FROM
        membership_training mt 
    JOIN
        membership m 
            ON mt.membership_id = m.membership_id 
    WHERE
        m.start_date BETWEEN ? AND ?
]]></system-out>
  </testcase>
  <testcase name="findTrainingNameWithMaxRevenueBetweenDates" classname="com.example.posganize.repository.TrainingRepositoryTest" time="0.638">
    <system-out><![CDATA[2024-01-04T14:48:27.530+01:00  INFO 11888 --- [           main] j.LocalContainerEntityManagerFactoryBean : Closing JPA EntityManagerFactory for persistence unit 'default'

  .   ____          _            __ _ _
 /\\ / ___'_ __ _ _(_)_ __  __ _ \ \ \ \
( ( )\___ | '_ | '_| | '_ \/ _` | \ \ \ \
 \\/  ___)| |_)| | | | | || (_| |  ) ) ) )
  '  |____| .__|_| |_|_| |_\__, | / / / /
 =========|_|==============|___/=/_/_/_/
 :: Spring Boot ::                (v3.1.3)

2024-01-04T14:48:27.562+01:00  INFO 11888 --- [           main] c.e.p.repository.TrainingRepositoryTest  : Starting TrainingRepositoryTest using Java 17.0.7 with PID 11888 (started by DzOnZi in C:\Users\DzOnZi\Desktop\Posganize.be)
2024-01-04T14:48:27.563+01:00  INFO 11888 --- [           main] c.e.p.repository.TrainingRepositoryTest  : No active profile set, falling back to 1 default profile: "default"
2024-01-04T14:48:27.700+01:00  INFO 11888 --- [           main] .s.d.r.c.RepositoryConfigurationDelegate : Bootstrapping Spring Data JPA repositories in DEFAULT mode.
2024-01-04T14:48:27.739+01:00  INFO 11888 --- [           main] .s.d.r.c.RepositoryConfigurationDelegate : Finished Spring Data repository scanning in 38 ms. Found 7 JPA repository interfaces.
2024-01-04T14:48:27.748+01:00  INFO 11888 --- [           main] beddedDataSourceBeanFactoryPostProcessor : Replacing 'dataSource' DataSource bean with embedded version
2024-01-04T14:48:27.762+01:00  INFO 11888 --- [           main] o.s.j.d.e.EmbeddedDatabaseFactory        : Starting embedded database: url='jdbc:h2:mem:473ed7aa-cf29-468e-b0b4-94836b24abce;DB_CLOSE_DELAY=-1;DB_CLOSE_ON_EXIT=false', username='sa'
2024-01-04T14:48:27.786+01:00  INFO 11888 --- [           main] o.hibernate.jpa.internal.util.LogHelper  : HHH000204: Processing PersistenceUnitInfo [name: default]
2024-01-04T14:48:27.801+01:00  INFO 11888 --- [           main] o.h.b.i.BytecodeProviderInitiator        : HHH000021: Bytecode provider name : bytebuddy
2024-01-04T14:48:27.801+01:00  INFO 11888 --- [           main] o.s.o.j.p.SpringPersistenceUnitInfo      : No LoadTimeWeaver setup: ignoring JPA class transformer
2024-01-04T14:48:27.840+01:00  INFO 11888 --- [           main] o.hibernate.id.enhanced.TableGenerator   : HHH000398: Explicit segment value for id generator [hibernate_sequences.sequence_name] suggested; using default [default]
2024-01-04T14:48:27.841+01:00  INFO 11888 --- [           main] o.h.b.i.BytecodeProviderInitiator        : HHH000021: Bytecode provider name : bytebuddy
2024-01-04T14:48:27.959+01:00  INFO 11888 --- [           main] o.h.e.t.j.p.i.JtaPlatformInitiator       : HHH000490: Using JtaPlatform implementation: [org.hibernate.engine.transaction.jta.platform.internal.NoJtaPlatform]
Hibernate: 
    create table club_news (
        news_id bigint generated by default as identity,
        created_at timestamp(6),
        description varchar(100000),
        image varchar(255),
        name varchar(255),
        created_by bigint,
        primary key (news_id)
    )
Hibernate: 
    create table club_rules (
        rules_id bigint generated by default as identity,
        description varchar(10000),
        image varchar(255),
        name varchar(255),
        primary key (rules_id)
    )
Hibernate: 
    create table hibernate_sequences (
        sequence_name varchar(255) not null,
        next_val bigint,
        primary key (sequence_name)
    )
Hibernate: 
    insert into hibernate_sequences(sequence_name, next_val) values ('default',0)
Hibernate: 
    create table membership (
        membership_id bigint generated by default as identity,
        active boolean,
        expire_date timestamp(6) not null,
        price float(53) not null,
        start_date timestamp(6) not null,
        user_id bigint,
        primary key (membership_id)
    )
Hibernate: 
    create table membership_training (
        membership_id bigint not null,
        training_id bigint not null,
        primary key (membership_id, training_id)
    )
Hibernate: 
    create table qrcode (
        qrcode_id bigint generated by default as identity,
        active boolean not null,
        expire_date timestamp(6),
        qrcode_value varchar(255),
        start_date timestamp(6),
        user_id bigint,
        primary key (qrcode_id)
    )
Hibernate: 
    create table schedule (
        schedule_id bigint generated by default as identity,
        schedule_day varchar(255),
        schedule_name varchar(255),
        schedule_time varchar(255),
        training_id bigint,
        primary key (schedule_id)
    )
Hibernate: 
    create table token (
        id bigint not null,
        expired boolean not null,
        revoked boolean not null,
        token varchar(255),
        token_type_enum varchar(255) check (token_type_enum in ('BEARER')),
        user_id bigint,
        primary key (id)
    )
Hibernate: 
    create table training (
        training_id bigint generated by default as identity,
        currency varchar(255) check (currency in ('USD')),
        description varchar(100000),
        image varchar(255),
        name varchar(255),
        price float(53) not null,
        primary key (training_id)
    )
Hibernate: 
    create table users (
        user_id bigint generated by default as identity,
        email varchar(255) not null,
        first_name varchar(255) not null,
        image blob,
        last_name varchar(255) not null,
        password varchar(255) not null,
        phone_number varchar(255) not null,
        registration_date timestamp(6),
        role varchar(255) check (role in ('USER','ADMIN','MANAGER')),
        trail_training boolean,
        primary key (user_id)
    )
Hibernate: 
    alter table if exists qrcode 
       drop constraint if exists UK_nbel5ieiwhyhkprxelo5vx7gm
Hibernate: 
    alter table if exists qrcode 
       add constraint UK_nbel5ieiwhyhkprxelo5vx7gm unique (user_id)
Hibernate: 
    alter table if exists users 
       drop constraint if exists UK_6dotkott2kjsp8vw4d0m25fb7
Hibernate: 
    alter table if exists users 
       add constraint UK_6dotkott2kjsp8vw4d0m25fb7 unique (email)
Hibernate: 
    alter table if exists club_news 
       add constraint FKbtgsgl6gji5haywvt3npry1og 
       foreign key (created_by) 
       references users
Hibernate: 
    alter table if exists membership 
       add constraint FK7ccx5hs0p61m5wrwywf0q2cdv 
       foreign key (user_id) 
       references users
Hibernate: 
    alter table if exists membership_training 
       add constraint FKar8fc2l4017ncpjvi676vmxk2 
       foreign key (training_id) 
       references training
Hibernate: 
    alter table if exists membership_training 
       add constraint FKnq2jvhauovkvhxrv3alukmo4f 
       foreign key (membership_id) 
       references membership
Hibernate: 
    alter table if exists qrcode 
       add constraint FK9ihlsvgrbopxh0iugn71o3jgm 
       foreign key (user_id) 
       references users
Hibernate: 
    alter table if exists schedule 
       add constraint FKmgbt1qjunxgpokmfyrt76srok 
       foreign key (training_id) 
       references training
Hibernate: 
    alter table if exists token 
       add constraint FKj8rfw4x0wjjyibfqq566j4qng 
       foreign key (user_id) 
       references users
2024-01-04T14:48:27.979+01:00  INFO 11888 --- [           main] j.LocalContainerEntityManagerFactoryBean : Initialized JPA EntityManagerFactory for persistence unit 'default'
2024-01-04T14:48:28.136+01:00  INFO 11888 --- [           main] c.e.p.repository.TrainingRepositoryTest  : Started TrainingRepositoryTest in 0.604 seconds (process running for 37.13)
Hibernate: 
    insert 
    into
        training
        (currency,description,image,name,price,training_id) 
    values
        (?,?,?,?,?,default)
Hibernate: 
    insert 
    into
        training
        (currency,description,image,name,price,training_id) 
    values
        (?,?,?,?,?,default)
Hibernate: 
    insert 
    into
        users
        (email,first_name,image,last_name,password,phone_number,registration_date,role,trail_training,user_id) 
    values
        (?,?,?,?,?,?,?,?,?,default)
Hibernate: 
    insert 
    into
        users
        (email,first_name,image,last_name,password,phone_number,registration_date,role,trail_training,user_id) 
    values
        (?,?,?,?,?,?,?,?,?,default)
Hibernate: 
    insert 
    into
        users
        (email,first_name,image,last_name,password,phone_number,registration_date,role,trail_training,user_id) 
    values
        (?,?,?,?,?,?,?,?,?,default)
Hibernate: 
    insert 
    into
        membership
        (active,expire_date,price,start_date,user_id,membership_id) 
    values
        (?,?,?,?,?,default)
Hibernate: 
    insert 
    into
        membership
        (active,expire_date,price,start_date,user_id,membership_id) 
    values
        (?,?,?,?,?,default)
Hibernate: 
    insert 
    into
        membership
        (active,expire_date,price,start_date,user_id,membership_id) 
    values
        (?,?,?,?,?,default)
Hibernate: 
    insert 
    into
        membership_training
        (membership_id,training_id) 
    values
        (?,?)
Hibernate: 
    insert 
    into
        membership_training
        (membership_id,training_id) 
    values
        (?,?)
Hibernate: 
    insert 
    into
        membership_training
        (membership_id,training_id) 
    values
        (?,?)
Hibernate: 
    SELECT
        t.name 
    FROM
        training t 
    JOIN
        membership_training mt 
            ON t.training_id = mt.training_id 
    JOIN
        membership m 
            ON mt.membership_id = m.membership_id 
    WHERE
        m.start_date BETWEEN ? AND ? 
    GROUP BY
        t.training_id,
        t.name 
    ORDER BY
        SUM(t.price) DESC LIMIT 1
]]></system-out>
  </testcase>
  <testcase name="findAllSets" classname="com.example.posganize.repository.TrainingRepositoryTest" time="0.648">
    <system-out><![CDATA[2024-01-04T14:48:28.170+01:00  INFO 11888 --- [           main] j.LocalContainerEntityManagerFactoryBean : Closing JPA EntityManagerFactory for persistence unit 'default'

  .   ____          _            __ _ _
 /\\ / ___'_ __ _ _(_)_ __  __ _ \ \ \ \
( ( )\___ | '_ | '_| | '_ \/ _` | \ \ \ \
 \\/  ___)| |_)| | | | | || (_| |  ) ) ) )
  '  |____| .__|_| |_|_| |_\__, | / / / /
 =========|_|==============|___/=/_/_/_/
 :: Spring Boot ::                (v3.1.3)

2024-01-04T14:48:28.215+01:00  INFO 11888 --- [           main] c.e.p.repository.TrainingRepositoryTest  : Starting TrainingRepositoryTest using Java 17.0.7 with PID 11888 (started by DzOnZi in C:\Users\DzOnZi\Desktop\Posganize.be)
2024-01-04T14:48:28.215+01:00  INFO 11888 --- [           main] c.e.p.repository.TrainingRepositoryTest  : No active profile set, falling back to 1 default profile: "default"
2024-01-04T14:48:28.359+01:00  INFO 11888 --- [           main] .s.d.r.c.RepositoryConfigurationDelegate : Bootstrapping Spring Data JPA repositories in DEFAULT mode.
2024-01-04T14:48:28.394+01:00  INFO 11888 --- [           main] .s.d.r.c.RepositoryConfigurationDelegate : Finished Spring Data repository scanning in 34 ms. Found 7 JPA repository interfaces.
2024-01-04T14:48:28.403+01:00  INFO 11888 --- [           main] beddedDataSourceBeanFactoryPostProcessor : Replacing 'dataSource' DataSource bean with embedded version
2024-01-04T14:48:28.416+01:00  INFO 11888 --- [           main] o.s.j.d.e.EmbeddedDatabaseFactory        : Starting embedded database: url='jdbc:h2:mem:22e2ebbc-6362-4408-8f03-82d015f97b91;DB_CLOSE_DELAY=-1;DB_CLOSE_ON_EXIT=false', username='sa'
2024-01-04T14:48:28.440+01:00  INFO 11888 --- [           main] o.hibernate.jpa.internal.util.LogHelper  : HHH000204: Processing PersistenceUnitInfo [name: default]
2024-01-04T14:48:28.456+01:00  INFO 11888 --- [           main] o.h.b.i.BytecodeProviderInitiator        : HHH000021: Bytecode provider name : bytebuddy
2024-01-04T14:48:28.456+01:00  INFO 11888 --- [           main] o.s.o.j.p.SpringPersistenceUnitInfo      : No LoadTimeWeaver setup: ignoring JPA class transformer
2024-01-04T14:48:28.496+01:00  INFO 11888 --- [           main] o.hibernate.id.enhanced.TableGenerator   : HHH000398: Explicit segment value for id generator [hibernate_sequences.sequence_name] suggested; using default [default]
2024-01-04T14:48:28.497+01:00  INFO 11888 --- [           main] o.h.b.i.BytecodeProviderInitiator        : HHH000021: Bytecode provider name : bytebuddy
2024-01-04T14:48:28.632+01:00  INFO 11888 --- [           main] o.h.e.t.j.p.i.JtaPlatformInitiator       : HHH000490: Using JtaPlatform implementation: [org.hibernate.engine.transaction.jta.platform.internal.NoJtaPlatform]
Hibernate: 
    create table club_news (
        news_id bigint generated by default as identity,
        created_at timestamp(6),
        description varchar(100000),
        image varchar(255),
        name varchar(255),
        created_by bigint,
        primary key (news_id)
    )
Hibernate: 
    create table club_rules (
        rules_id bigint generated by default as identity,
        description varchar(10000),
        image varchar(255),
        name varchar(255),
        primary key (rules_id)
    )
Hibernate: 
    create table hibernate_sequences (
        sequence_name varchar(255) not null,
        next_val bigint,
        primary key (sequence_name)
    )
Hibernate: 
    insert into hibernate_sequences(sequence_name, next_val) values ('default',0)
Hibernate: 
    create table membership (
        membership_id bigint generated by default as identity,
        active boolean,
        expire_date timestamp(6) not null,
        price float(53) not null,
        start_date timestamp(6) not null,
        user_id bigint,
        primary key (membership_id)
    )
Hibernate: 
    create table membership_training (
        membership_id bigint not null,
        training_id bigint not null,
        primary key (membership_id, training_id)
    )
Hibernate: 
    create table qrcode (
        qrcode_id bigint generated by default as identity,
        active boolean not null,
        expire_date timestamp(6),
        qrcode_value varchar(255),
        start_date timestamp(6),
        user_id bigint,
        primary key (qrcode_id)
    )
Hibernate: 
    create table schedule (
        schedule_id bigint generated by default as identity,
        schedule_day varchar(255),
        schedule_name varchar(255),
        schedule_time varchar(255),
        training_id bigint,
        primary key (schedule_id)
    )
Hibernate: 
    create table token (
        id bigint not null,
        expired boolean not null,
        revoked boolean not null,
        token varchar(255),
        token_type_enum varchar(255) check (token_type_enum in ('BEARER')),
        user_id bigint,
        primary key (id)
    )
Hibernate: 
    create table training (
        training_id bigint generated by default as identity,
        currency varchar(255) check (currency in ('USD')),
        description varchar(100000),
        image varchar(255),
        name varchar(255),
        price float(53) not null,
        primary key (training_id)
    )
Hibernate: 
    create table users (
        user_id bigint generated by default as identity,
        email varchar(255) not null,
        first_name varchar(255) not null,
        image blob,
        last_name varchar(255) not null,
        password varchar(255) not null,
        phone_number varchar(255) not null,
        registration_date timestamp(6),
        role varchar(255) check (role in ('USER','ADMIN','MANAGER')),
        trail_training boolean,
        primary key (user_id)
    )
Hibernate: 
    alter table if exists qrcode 
       drop constraint if exists UK_nbel5ieiwhyhkprxelo5vx7gm
Hibernate: 
    alter table if exists qrcode 
       add constraint UK_nbel5ieiwhyhkprxelo5vx7gm unique (user_id)
Hibernate: 
    alter table if exists users 
       drop constraint if exists UK_6dotkott2kjsp8vw4d0m25fb7
Hibernate: 
    alter table if exists users 
       add constraint UK_6dotkott2kjsp8vw4d0m25fb7 unique (email)
Hibernate: 
    alter table if exists club_news 
       add constraint FKbtgsgl6gji5haywvt3npry1og 
       foreign key (created_by) 
       references users
Hibernate: 
    alter table if exists membership 
       add constraint FK7ccx5hs0p61m5wrwywf0q2cdv 
       foreign key (user_id) 
       references users
Hibernate: 
    alter table if exists membership_training 
       add constraint FKar8fc2l4017ncpjvi676vmxk2 
       foreign key (training_id) 
       references training
Hibernate: 
    alter table if exists membership_training 
       add constraint FKnq2jvhauovkvhxrv3alukmo4f 
       foreign key (membership_id) 
       references membership
Hibernate: 
    alter table if exists qrcode 
       add constraint FK9ihlsvgrbopxh0iugn71o3jgm 
       foreign key (user_id) 
       references users
Hibernate: 
    alter table if exists schedule 
       add constraint FKmgbt1qjunxgpokmfyrt76srok 
       foreign key (training_id) 
       references training
Hibernate: 
    alter table if exists token 
       add constraint FKj8rfw4x0wjjyibfqq566j4qng 
       foreign key (user_id) 
       references users
2024-01-04T14:48:28.647+01:00  INFO 11888 --- [           main] j.LocalContainerEntityManagerFactoryBean : Initialized JPA EntityManagerFactory for persistence unit 'default'
2024-01-04T14:48:28.803+01:00  INFO 11888 --- [           main] c.e.p.repository.TrainingRepositoryTest  : Started TrainingRepositoryTest in 0.627 seconds (process running for 37.797)
Hibernate: 
    insert 
    into
        training
        (currency,description,image,name,price,training_id) 
    values
        (?,?,?,?,?,default)
Hibernate: 
    insert 
    into
        training
        (currency,description,image,name,price,training_id) 
    values
        (?,?,?,?,?,default)
Hibernate: 
    SELECT
        * 
    FROM
        training
]]></system-out>
  </testcase>
</testsuite>