<?xml version="1.0" encoding="UTF-8"?>
<testsuite xmlns:xsi="http://www.w3.org/2001/XMLSchema-instance" xsi:noNamespaceSchemaLocation="https://maven.apache.org/surefire/maven-surefire-plugin/xsd/surefire-test-report-3.0.xsd" version="3.0" name="com.example.posganize.controllers.TrainingControllerTest" time="0.873" tests="6" errors="0" skipped="0" failures="0">
  <properties>
[...]
</properties>
  <testcase name="createTraining" classname="com.example.posganize.controllers.TrainingControllerTest" time="0.057">
    <system-out><![CDATA[2024-01-04T15:37:12.738+01:00  INFO 12432 --- [           main] t.c.s.AnnotationConfigContextLoaderUtils : Could not detect default configuration classes for test class [com.example.posganize.controllers.TrainingControllerTest]: TrainingControllerTest does not declare any static, non-private, non-final, nested classes annotated with @Configuration.
2024-01-04T15:37:12.758+01:00  INFO 12432 --- [           main] .b.t.c.SpringBootTestContextBootstrapper : Found @SpringBootConfiguration com.example.posganize.PosganizeApplication for test class com.example.posganize.controllers.TrainingControllerTest

  .   ____          _            __ _ _
 /\\ / ___'_ __ _ _(_)_ __  __ _ \ \ \ \
( ( )\___ | '_ | '_| | '_ \/ _` | \ \ \ \
 \\/  ___)| |_)| | | | | || (_| |  ) ) ) )
  '  |____| .__|_| |_|_| |_\__, | / / / /
 =========|_|==============|___/=/_/_/_/
 :: Spring Boot ::                (v3.1.3)

2024-01-04T15:37:12.844+01:00  INFO 12432 --- [           main] c.e.p.c.TrainingControllerTest           : Starting TrainingControllerTest using Java 17.0.7 with PID 12432 (started by DzOnZi in C:\Users\DzOnZi\Desktop\Posganize.be)
2024-01-04T15:37:12.845+01:00  INFO 12432 --- [           main] c.e.p.c.TrainingControllerTest           : No active profile set, falling back to 1 default profile: "default"
2024-01-04T15:37:13.211+01:00  WARN 12432 --- [           main] .s.s.UserDetailsServiceAutoConfiguration : 

Using generated security password: 7f5d84cb-3618-4bf9-b596-71e87d65b3da

This generated password is for development use only. Your security configuration must be updated before running your application in production.

2024-01-04T15:37:13.246+01:00  INFO 12432 --- [           main] o.s.s.web.DefaultSecurityFilterChain     : Will secure any request with [org.springframework.security.web.session.DisableEncodeUrlFilter@49741e80, org.springframework.security.web.context.request.async.WebAsyncManagerIntegrationFilter@414d466e, org.springframework.security.web.context.SecurityContextHolderFilter@3d2ff73a, org.springframework.security.web.header.HeaderWriterFilter@2487b621, org.springframework.security.web.csrf.CsrfFilter@5003c114, org.springframework.security.web.authentication.logout.LogoutFilter@b307030, org.springframework.security.web.savedrequest.RequestCacheAwareFilter@736a8aea, org.springframework.security.web.servletapi.SecurityContextHolderAwareRequestFilter@504b4a97, org.springframework.security.web.authentication.AnonymousAuthenticationFilter@39acf187, org.springframework.security.web.access.ExceptionTranslationFilter@6e4bccc, org.springframework.security.web.access.intercept.AuthorizationFilter@263f6e96]
2024-01-04T15:37:13.402+01:00  INFO 12432 --- [           main] o.s.b.t.m.w.SpringBootMockServletContext : Initializing Spring TestDispatcherServlet ''
2024-01-04T15:37:13.403+01:00  INFO 12432 --- [           main] o.s.t.web.servlet.TestDispatcherServlet  : Initializing Servlet ''
2024-01-04T15:37:13.404+01:00  INFO 12432 --- [           main] o.s.t.web.servlet.TestDispatcherServlet  : Completed initialization in 1 ms
2024-01-04T15:37:13.414+01:00  INFO 12432 --- [           main] c.e.p.c.TrainingControllerTest           : Started TrainingControllerTest in 0.637 seconds (process running for 25.304)

MockHttpServletRequest:
      HTTP Method = POST
      Request URI = /api/v1/training/create
       Parameters = {}
          Headers = [Content-Type:"application/json", Content-Length:"101"]
             Body = <no character encoding set>
    Session Attrs = {}

Handler:
             Type = com.example.posganize.controllers.TrainingController
           Method = com.example.posganize.controllers.TrainingController#createTraining(CreateTrainingModel)

Async:
    Async started = false
     Async result = null

Resolved Exception:
             Type = null

ModelAndView:
        View name = null
             View = null
            Model = null

FlashMap:
       Attributes = null

MockHttpServletResponse:
           Status = 200
    Error message = null
          Headers = [Content-Type:"application/json"]
     Content type = application/json
             Body = {"id":1,"name":"MMA","description":"random description","image":"random image","price":5000.0,"currency":null,"schedule":null}
    Forwarded URL = null
   Redirected URL = null
          Cookies = []
]]></system-out>
  </testcase>
  <testcase name="getTrainingById" classname="com.example.posganize.controllers.TrainingControllerTest" time="0.012">
    <system-out><![CDATA[
MockHttpServletRequest:
      HTTP Method = GET
      Request URI = /api/v1/training/get/1
       Parameters = {}
          Headers = [Content-Type:"application/json"]
             Body = <no character encoding set>
    Session Attrs = {}

Handler:
             Type = com.example.posganize.controllers.TrainingController
           Method = com.example.posganize.controllers.TrainingController#getTrainingById(Long)

Async:
    Async started = false
     Async result = null

Resolved Exception:
             Type = null

ModelAndView:
        View name = null
             View = null
            Model = null

FlashMap:
       Attributes = null

MockHttpServletResponse:
           Status = 200
    Error message = null
          Headers = [Content-Type:"application/json"]
     Content type = application/json
             Body = {"id":1,"name":"MMA","description":"random description","image":"random image","price":5000.0,"currency":null,"schedule":null}
    Forwarded URL = null
   Redirected URL = null
          Cookies = []
]]></system-out>
  </testcase>
  <testcase name="deleteTraining" classname="com.example.posganize.controllers.TrainingControllerTest" time="0.019"/>
  <testcase name="getAllTrainings" classname="com.example.posganize.controllers.TrainingControllerTest" time="0.013">
    <system-out><![CDATA[
MockHttpServletRequest:
      HTTP Method = GET
      Request URI = /api/v1/training/all
       Parameters = {}
          Headers = [Content-Type:"application/json"]
             Body = <no character encoding set>
    Session Attrs = {}

Handler:
             Type = com.example.posganize.controllers.TrainingController
           Method = com.example.posganize.controllers.TrainingController#getAllTrainings()

Async:
    Async started = false
     Async result = null

Resolved Exception:
             Type = null

ModelAndView:
        View name = null
             View = null
            Model = null

FlashMap:
       Attributes = null

MockHttpServletResponse:
           Status = 200
    Error message = null
          Headers = [Content-Type:"application/json"]
     Content type = application/json
             Body = [{"id":1,"name":"MMA","description":"random description","image":"random image","price":5000.0,"currency":null,"schedule":null}]
    Forwarded URL = null
   Redirected URL = null
          Cookies = []
]]></system-out>
  </testcase>
  <testcase name="getUsersCountPerTraining" classname="com.example.posganize.controllers.TrainingControllerTest" time="0.033"/>
  <testcase name="updateTraining" classname="com.example.posganize.controllers.TrainingControllerTest" time="0.036">
    <system-out><![CDATA[
MockHttpServletRequest:
      HTTP Method = PUT
      Request URI = /api/v1/training/update/1
       Parameters = {}
          Headers = [Content-Type:"application/json", Content-Length:"94"]
             Body = <no character encoding set>
    Session Attrs = {}

Handler:
             Type = com.example.posganize.controllers.TrainingController
           Method = com.example.posganize.controllers.TrainingController#updateTraining(Long, UpdateTrainingModel)

Async:
    Async started = false
     Async result = null

Resolved Exception:
             Type = null

ModelAndView:
        View name = null
             View = null
            Model = null

FlashMap:
       Attributes = null

MockHttpServletResponse:
           Status = 200
    Error message = null
          Headers = [Content-Type:"application/json"]
     Content type = application/json
             Body = {"id":1,"name":"MMA","description":"random description","image":"random image","price":5000.0,"currency":null,"schedule":null}
    Forwarded URL = null
   Redirected URL = null
          Cookies = []
]]></system-out>
  </testcase>
</testsuite>