<?xml version="1.0" encoding="UTF-8"?>
<testsuite xmlns:xsi="http://www.w3.org/2001/XMLSchema-instance" xsi:noNamespaceSchemaLocation="https://maven.apache.org/surefire/maven-surefire-plugin/xsd/surefire-test-report-3.0.xsd" version="3.0" name="com.example.posganize.repository.TrainingRepositoryTest" time="3.154" tests="4" errors="0" skipped="0" failures="0">
  <properties>
[...]
</properties>
  <testcase name="countUsersByTraining" classname="com.example.posganize.repository.TrainingRepositoryTest" time="0.915">
    <system-out><![CDATA[2024-01-04T15:37:48.895+01:00  INFO 12432 --- [           main] t.c.s.AnnotationConfigContextLoaderUtils : Could not detect default configuration classes for test class [com.example.posganize.repository.TrainingRepositoryTest]: TrainingRepositoryTest does not declare any static, non-private, non-final, nested classes annotated with @Configuration.
2024-01-04T15:37:48.935+01:00  INFO 12432 --- [           main] .b.t.c.SpringBootTestContextBootstrapper : Found @SpringBootConfiguration com.example.posganize.PosganizeApplication for test class com.example.posganize.repository.TrainingRepositoryTest
2024-01-04T15:37:48.959+01:00  INFO 12432 --- [           main] j.LocalContainerEntityManagerFactoryBean : Closing JPA EntityManagerFactory for persistence unit 'default'

  .   ____          _            __ _ _
 /\\ / ___'_ __ _ _(_)_ __  __ _ \ \ \ \
( ( )\___ | '_ | '_| | '_ \/ _` | \ \ \ \
 \\/  ___)| |_)| | | | | || (_| |  ) ) ) )
  '  |____| .__|_| |_|_| |_\__, | / / / /
 =========|_|==============|___/=/_/_/_/
 :: Spring Boot ::                (v3.1.3)

2024-01-04T15:37:49.063+01:00  INFO 12432 --- [           main] c.e.p.repository.TrainingRepositoryTest  : Starting TrainingRepositoryTest using Java 17.0.7 with PID 12432 (started by DzOnZi in C:\Users\DzOnZi\Desktop\Posganize.be)
2024-01-04T15:37:49.064+01:00  INFO 12432 --- [           main] c.e.p.repository.TrainingRepositoryTest  : No active profile set, falling back to 1 default profile: "default"
2024-01-04T15:37:49.238+01:00  INFO 12432 --- [           main] .s.d.r.c.RepositoryConfigurationDelegate : Bootstrapping Spring Data JPA repositories in DEFAULT mode.
2024-01-04T15:37:49.291+01:00  INFO 12432 --- [           main] .s.d.r.c.RepositoryConfigurationDelegate : Finished Spring Data repository scanning in 52 ms. Found 7 JPA repository interfaces.
2024-01-04T15:37:49.304+01:00  INFO 12432 --- [           main] beddedDataSourceBeanFactoryPostProcessor : Replacing 'dataSource' DataSource bean with embedded version
2024-01-04T15:37:49.319+01:00  INFO 12432 --- [           main] o.s.j.d.e.EmbeddedDatabaseFactory        : Starting embedded database: url='jdbc:h2:mem:4a6f5d91-6dc2-40d3-9c84-4d4d0add26f8;DB_CLOSE_DELAY=-1;DB_CLOSE_ON_EXIT=false', username='sa'
2024-01-04T15:37:49.363+01:00  INFO 12432 --- [           main] o.hibernate.jpa.internal.util.LogHelper  : HHH000204: Processing PersistenceUnitInfo [name: default]
2024-01-04T15:37:49.379+01:00  INFO 12432 --- [           main] o.h.b.i.BytecodeProviderInitiator        : HHH000021: Bytecode provider name : bytebuddy
2024-01-04T15:37:49.379+01:00  INFO 12432 --- [           main] o.s.o.j.p.SpringPersistenceUnitInfo      : No LoadTimeWeaver setup: ignoring JPA class transformer
2024-01-04T15:37:49.421+01:00  INFO 12432 --- [           main] o.hibernate.id.enhanced.TableGenerator   : HHH000398: Explicit segment value for id generator [hibernate_sequences.sequence_name] suggested; using default [default]
2024-01-04T15:37:49.422+01:00  INFO 12432 --- [           main] o.h.b.i.BytecodeProviderInitiator        : HHH000021: Bytecode provider name : bytebuddy
2024-01-04T15:37:49.565+01:00  INFO 12432 --- [           main] o.h.e.t.j.p.i.JtaPlatformInitiator       : HHH000490: Using JtaPlatform implementation: [org.hibernate.engine.transaction.jta.platform.internal.NoJtaPlatform]
Hibernate: 
    create table club_news (
        news_id bigint generated by default as identity,
        created_at timestamp(6),
        description varchar(100000),
        image varchar(255),
        name varchar(255),
        created_by bigint,
        primary key (news_id)
    )
Hibernate: 
    create table club_rules (
        rules_id bigint generated by default as identity,
        description varchar(10000),
        image varchar(255),
        name varchar(255),
        primary key (rules_id)
    )
Hibernate: 
    create table hibernate_sequences (
        sequence_name varchar(255) not null,
        next_val bigint,
        primary key (sequence_name)
    )
Hibernate: 
    insert into hibernate_sequences(sequence_name, next_val) values ('default',0)
Hibernate: 
    create table membership (
        membership_id bigint generated by default as identity,
        active boolean,
        expire_date timestamp(6) not null,
        price float(53) not null,
        start_date timestamp(6) not null,
        user_id bigint,
        primary key (membership_id)
    )
Hibernate: 
    create table membership_training (
        membership_id bigint not null,
        training_id bigint not null,
        primary key (membership_id, training_id)
    )
Hibernate: 
    create table qrcode (
        qrcode_id bigint generated by default as identity,
        active boolean not null,
        expire_date timestamp(6),
        qrcode_value varchar(255),
        start_date timestamp(6),
        user_id bigint,
        primary key (qrcode_id)
    )
Hibernate: 
    create table schedule (
        schedule_id bigint generated by default as identity,
        schedule_day varchar(255),
        schedule_name varchar(255),
        schedule_time varchar(255),
        training_id bigint,
        primary key (schedule_id)
    )
Hibernate: 
    create table token (
        id bigint not null,
        expired boolean not null,
        revoked boolean not null,
        token varchar(255),
        token_type_enum varchar(255) check (token_type_enum in ('BEARER')),
        user_id bigint,
        primary key (id)
    )
Hibernate: 
    create table training (
        training_id bigint generated by default as identity,
        currency varchar(255) check (currency in ('USD')),
        description varchar(100000),
        image varchar(255),
        name varchar(255),
        price float(53) not null,
        primary key (training_id)
    )
Hibernate: 
    create table users (
        user_id bigint generated by default as identity,
        email varchar(255) not null,
        first_name varchar(255) not null,
        image blob,
        last_name varchar(255) not null,
        password varchar(255) not null,
        phone_number varchar(255) not null,
        registration_date timestamp(6),
        role varchar(255) check (role in ('USER','ADMIN','MANAGER')),
        trail_training boolean,
        primary key (user_id)
    )
Hibernate: 
    alter table if exists qrcode 
       drop constraint if exists UK_nbel5ieiwhyhkprxelo5vx7gm
Hibernate: 
    alter table if exists qrcode 
       add constraint UK_nbel5ieiwhyhkprxelo5vx7gm unique (user_id)
Hibernate: 
    alter table if exists users 
       drop constraint if exists UK_6dotkott2kjsp8vw4d0m25fb7
Hibernate: 
    alter table if exists users 
       add constraint UK_6dotkott2kjsp8vw4d0m25fb7 unique (email)
Hibernate: 
    alter table if exists club_news 
       add constraint FKbtgsgl6gji5haywvt3npry1og 
       foreign key (created_by) 
       references users
Hibernate: 
    alter table if exists membership 
       add constraint FK7ccx5hs0p61m5wrwywf0q2cdv 
       foreign key (user_id) 
       references users
Hibernate: 
    alter table if exists membership_training 
       add constraint FKar8fc2l4017ncpjvi676vmxk2 
       foreign key (training_id) 
       references training
Hibernate: 
    alter table if exists membership_training 
       add constraint FKnq2jvhauovkvhxrv3alukmo4f 
       foreign key (membership_id) 
       references membership
Hibernate: 
    alter table if exists qrcode 
       add constraint FK9ihlsvgrbopxh0iugn71o3jgm 
       foreign key (user_id) 
       references users
Hibernate: 
    alter table if exists schedule 
       add constraint FKmgbt1qjunxgpokmfyrt76srok 
       foreign key (training_id) 
       references training
Hibernate: 
    alter table if exists token 
       add constraint FKj8rfw4x0wjjyibfqq566j4qng 
       foreign key (user_id) 
       references users
2024-01-04T15:37:49.587+01:00  INFO 12432 --- [           main] j.LocalContainerEntityManagerFactoryBean : Initialized JPA EntityManagerFactory for persistence unit 'default'
2024-01-04T15:37:49.776+01:00  INFO 12432 --- [           main] c.e.p.repository.TrainingRepositoryTest  : Started TrainingRepositoryTest in 0.801 seconds (process running for 61.666)
Hibernate: 
    insert 
    into
        training
        (currency,description,image,name,price,training_id) 
    values
        (?,?,?,?,?,default)
Hibernate: 
    insert 
    into
        users
        (email,first_name,image,last_name,password,phone_number,registration_date,role,trail_training,user_id) 
    values
        (?,?,?,?,?,?,?,?,?,default)
Hibernate: 
    insert 
    into
        users
        (email,first_name,image,last_name,password,phone_number,registration_date,role,trail_training,user_id) 
    values
        (?,?,?,?,?,?,?,?,?,default)
Hibernate: 
    insert 
    into
        membership
        (active,expire_date,price,start_date,user_id,membership_id) 
    values
        (?,?,?,?,?,default)
Hibernate: 
    insert 
    into
        membership
        (active,expire_date,price,start_date,user_id,membership_id) 
    values
        (?,?,?,?,?,default)
Hibernate: 
    insert 
    into
        membership_training
        (membership_id,training_id) 
    values
        (?,?)
Hibernate: 
    insert 
    into
        membership_training
        (membership_id,training_id) 
    values
        (?,?)
Hibernate: 
    SELECT
        t.name AS training,
        COUNT(u.user_id) AS numberOfMembers 
    FROM
        training t 
    JOIN
        membership_training mt 
            ON t.training_id = mt.training_id 
    JOIN
        membership m 
            ON mt.membership_id = m.membership_id 
    JOIN
        users u 
            ON m.user_id = u.user_id 
    WHERE
        m.start_date BETWEEN ? AND ? 
    GROUP BY
        t.name
[org.springframework.data.jpa.repository.query.AbstractJpaQuery$TupleConverter$TupleBackedMap@5bd5ed6]
]]></system-out>
  </testcase>
  <testcase name="countTrainingsBetweenDates" classname="com.example.posganize.repository.TrainingRepositoryTest" time="0.858">
    <system-out><![CDATA[2024-01-04T15:37:49.874+01:00  INFO 12432 --- [           main] j.LocalContainerEntityManagerFactoryBean : Closing JPA EntityManagerFactory for persistence unit 'default'

  .   ____          _            __ _ _
 /\\ / ___'_ __ _ _(_)_ __  __ _ \ \ \ \
( ( )\___ | '_ | '_| | '_ \/ _` | \ \ \ \
 \\/  ___)| |_)| | | | | || (_| |  ) ) ) )
  '  |____| .__|_| |_|_| |_\__, | / / / /
 =========|_|==============|___/=/_/_/_/
 :: Spring Boot ::                (v3.1.3)

2024-01-04T15:37:49.914+01:00  INFO 12432 --- [           main] c.e.p.repository.TrainingRepositoryTest  : Starting TrainingRepositoryTest using Java 17.0.7 with PID 12432 (started by DzOnZi in C:\Users\DzOnZi\Desktop\Posganize.be)
2024-01-04T15:37:49.915+01:00  INFO 12432 --- [           main] c.e.p.repository.TrainingRepositoryTest  : No active profile set, falling back to 1 default profile: "default"
2024-01-04T15:37:50.207+01:00  INFO 12432 --- [           main] .s.d.r.c.RepositoryConfigurationDelegate : Bootstrapping Spring Data JPA repositories in DEFAULT mode.
2024-01-04T15:37:50.271+01:00  INFO 12432 --- [           main] .s.d.r.c.RepositoryConfigurationDelegate : Finished Spring Data repository scanning in 63 ms. Found 7 JPA repository interfaces.
2024-01-04T15:37:50.281+01:00  INFO 12432 --- [           main] beddedDataSourceBeanFactoryPostProcessor : Replacing 'dataSource' DataSource bean with embedded version
2024-01-04T15:37:50.293+01:00  INFO 12432 --- [           main] o.s.j.d.e.EmbeddedDatabaseFactory        : Starting embedded database: url='jdbc:h2:mem:858e5910-4c49-4c7a-b752-8277f62418ef;DB_CLOSE_DELAY=-1;DB_CLOSE_ON_EXIT=false', username='sa'
2024-01-04T15:37:50.318+01:00  INFO 12432 --- [           main] o.hibernate.jpa.internal.util.LogHelper  : HHH000204: Processing PersistenceUnitInfo [name: default]
2024-01-04T15:37:50.333+01:00  INFO 12432 --- [           main] o.h.b.i.BytecodeProviderInitiator        : HHH000021: Bytecode provider name : bytebuddy
2024-01-04T15:37:50.334+01:00  INFO 12432 --- [           main] o.s.o.j.p.SpringPersistenceUnitInfo      : No LoadTimeWeaver setup: ignoring JPA class transformer
2024-01-04T15:37:50.376+01:00  INFO 12432 --- [           main] o.hibernate.id.enhanced.TableGenerator   : HHH000398: Explicit segment value for id generator [hibernate_sequences.sequence_name] suggested; using default [default]
2024-01-04T15:37:50.377+01:00  INFO 12432 --- [           main] o.h.b.i.BytecodeProviderInitiator        : HHH000021: Bytecode provider name : bytebuddy
2024-01-04T15:37:50.498+01:00  INFO 12432 --- [           main] o.h.e.t.j.p.i.JtaPlatformInitiator       : HHH000490: Using JtaPlatform implementation: [org.hibernate.engine.transaction.jta.platform.internal.NoJtaPlatform]
Hibernate: 
    create table club_news (
        news_id bigint generated by default as identity,
        created_at timestamp(6),
        description varchar(100000),
        image varchar(255),
        name varchar(255),
        created_by bigint,
        primary key (news_id)
    )
Hibernate: 
    create table club_rules (
        rules_id bigint generated by default as identity,
        description varchar(10000),
        image varchar(255),
        name varchar(255),
        primary key (rules_id)
    )
Hibernate: 
    create table hibernate_sequences (
        sequence_name varchar(255) not null,
        next_val bigint,
        primary key (sequence_name)
    )
Hibernate: 
    insert into hibernate_sequences(sequence_name, next_val) values ('default',0)
Hibernate: 
    create table membership (
        membership_id bigint generated by default as identity,
        active boolean,
        expire_date timestamp(6) not null,
        price float(53) not null,
        start_date timestamp(6) not null,
        user_id bigint,
        primary key (membership_id)
    )
Hibernate: 
    create table membership_training (
        membership_id bigint not null,
        training_id bigint not null,
        primary key (membership_id, training_id)
    )
Hibernate: 
    create table qrcode (
        qrcode_id bigint generated by default as identity,
        active boolean not null,
        expire_date timestamp(6),
        qrcode_value varchar(255),
        start_date timestamp(6),
        user_id bigint,
        primary key (qrcode_id)
    )
Hibernate: 
    create table schedule (
        schedule_id bigint generated by default as identity,
        schedule_day varchar(255),
        schedule_name varchar(255),
        schedule_time varchar(255),
        training_id bigint,
        primary key (schedule_id)
    )
Hibernate: 
    create table token (
        id bigint not null,
        expired boolean not null,
        revoked boolean not null,
        token varchar(255),
        token_type_enum varchar(255) check (token_type_enum in ('BEARER')),
        user_id bigint,
        primary key (id)
    )
Hibernate: 
    create table training (
        training_id bigint generated by default as identity,
        currency varchar(255) check (currency in ('USD')),
        description varchar(100000),
        image varchar(255),
        name varchar(255),
        price float(53) not null,
        primary key (training_id)
    )
Hibernate: 
    create table users (
        user_id bigint generated by default as identity,
        email varchar(255) not null,
        first_name varchar(255) not null,
        image blob,
        last_name varchar(255) not null,
        password varchar(255) not null,
        phone_number varchar(255) not null,
        registration_date timestamp(6),
        role varchar(255) check (role in ('USER','ADMIN','MANAGER')),
        trail_training boolean,
        primary key (user_id)
    )
Hibernate: 
    alter table if exists qrcode 
       drop constraint if exists UK_nbel5ieiwhyhkprxelo5vx7gm
Hibernate: 
    alter table if exists qrcode 
       add constraint UK_nbel5ieiwhyhkprxelo5vx7gm unique (user_id)
Hibernate: 
    alter table if exists users 
       drop constraint if exists UK_6dotkott2kjsp8vw4d0m25fb7
Hibernate: 
    alter table if exists users 
       add constraint UK_6dotkott2kjsp8vw4d0m25fb7 unique (email)
Hibernate: 
    alter table if exists club_news 
       add constraint FKbtgsgl6gji5haywvt3npry1og 
       foreign key (created_by) 
       references users
Hibernate: 
    alter table if exists membership 
       add constraint FK7ccx5hs0p61m5wrwywf0q2cdv 
       foreign key (user_id) 
       references users
Hibernate: 
    alter table if exists membership_training 
       add constraint FKar8fc2l4017ncpjvi676vmxk2 
       foreign key (training_id) 
       references training
Hibernate: 
    alter table if exists membership_training 
       add constraint FKnq2jvhauovkvhxrv3alukmo4f 
       foreign key (membership_id) 
       references membership
Hibernate: 
    alter table if exists qrcode 
       add constraint FK9ihlsvgrbopxh0iugn71o3jgm 
       foreign key (user_id) 
       references users
Hibernate: 
    alter table if exists schedule 
       add constraint FKmgbt1qjunxgpokmfyrt76srok 
       foreign key (training_id) 
       references training
Hibernate: 
    alter table if exists token 
       add constraint FKj8rfw4x0wjjyibfqq566j4qng 
       foreign key (user_id) 
       references users
2024-01-04T15:37:50.520+01:00  INFO 12432 --- [           main] j.LocalContainerEntityManagerFactoryBean : Initialized JPA EntityManagerFactory for persistence unit 'default'
2024-01-04T15:37:50.698+01:00  INFO 12432 --- [           main] c.e.p.repository.TrainingRepositoryTest  : Started TrainingRepositoryTest in 0.82 seconds (process running for 62.588)
Hibernate: 
    insert 
    into
        training
        (currency,description,image,name,price,training_id) 
    values
        (?,?,?,?,?,default)
Hibernate: 
    insert 
    into
        training
        (currency,description,image,name,price,training_id) 
    values
        (?,?,?,?,?,default)
Hibernate: 
    insert 
    into
        users
        (email,first_name,image,last_name,password,phone_number,registration_date,role,trail_training,user_id) 
    values
        (?,?,?,?,?,?,?,?,?,default)
Hibernate: 
    insert 
    into
        users
        (email,first_name,image,last_name,password,phone_number,registration_date,role,trail_training,user_id) 
    values
        (?,?,?,?,?,?,?,?,?,default)
Hibernate: 
    insert 
    into
        membership
        (active,expire_date,price,start_date,user_id,membership_id) 
    values
        (?,?,?,?,?,default)
Hibernate: 
    insert 
    into
        membership
        (active,expire_date,price,start_date,user_id,membership_id) 
    values
        (?,?,?,?,?,default)
Hibernate: 
    insert 
    into
        membership_training
        (membership_id,training_id) 
    values
        (?,?)
Hibernate: 
    insert 
    into
        membership_training
        (membership_id,training_id) 
    values
        (?,?)
Hibernate: 
    SELECT
        COUNT(DISTINCT mt.training_id) 
    FROM
        membership_training mt 
    JOIN
        membership m 
            ON mt.membership_id = m.membership_id 
    WHERE
        m.start_date BETWEEN ? AND ?
]]></system-out>
  </testcase>
  <testcase name="findTrainingNameWithMaxRevenueBetweenDates" classname="com.example.posganize.repository.TrainingRepositoryTest" time="0.67">
    <system-out><![CDATA[2024-01-04T15:37:50.734+01:00  INFO 12432 --- [           main] j.LocalContainerEntityManagerFactoryBean : Closing JPA EntityManagerFactory for persistence unit 'default'

  .   ____          _            __ _ _
 /\\ / ___'_ __ _ _(_)_ __  __ _ \ \ \ \
( ( )\___ | '_ | '_| | '_ \/ _` | \ \ \ \
 \\/  ___)| |_)| | | | | || (_| |  ) ) ) )
  '  |____| .__|_| |_|_| |_\__, | / / / /
 =========|_|==============|___/=/_/_/_/
 :: Spring Boot ::                (v3.1.3)

2024-01-04T15:37:50.773+01:00  INFO 12432 --- [           main] c.e.p.repository.TrainingRepositoryTest  : Starting TrainingRepositoryTest using Java 17.0.7 with PID 12432 (started by DzOnZi in C:\Users\DzOnZi\Desktop\Posganize.be)
2024-01-04T15:37:50.773+01:00  INFO 12432 --- [           main] c.e.p.repository.TrainingRepositoryTest  : No active profile set, falling back to 1 default profile: "default"
2024-01-04T15:37:50.901+01:00  INFO 12432 --- [           main] .s.d.r.c.RepositoryConfigurationDelegate : Bootstrapping Spring Data JPA repositories in DEFAULT mode.
2024-01-04T15:37:50.939+01:00  INFO 12432 --- [           main] .s.d.r.c.RepositoryConfigurationDelegate : Finished Spring Data repository scanning in 37 ms. Found 7 JPA repository interfaces.
2024-01-04T15:37:50.950+01:00  INFO 12432 --- [           main] beddedDataSourceBeanFactoryPostProcessor : Replacing 'dataSource' DataSource bean with embedded version
2024-01-04T15:37:50.966+01:00  INFO 12432 --- [           main] o.s.j.d.e.EmbeddedDatabaseFactory        : Starting embedded database: url='jdbc:h2:mem:f204afb6-0f4b-4cf1-a435-2cb9ca87e9f5;DB_CLOSE_DELAY=-1;DB_CLOSE_ON_EXIT=false', username='sa'
2024-01-04T15:37:50.994+01:00  INFO 12432 --- [           main] o.hibernate.jpa.internal.util.LogHelper  : HHH000204: Processing PersistenceUnitInfo [name: default]
2024-01-04T15:37:51.009+01:00  INFO 12432 --- [           main] o.h.b.i.BytecodeProviderInitiator        : HHH000021: Bytecode provider name : bytebuddy
2024-01-04T15:37:51.009+01:00  INFO 12432 --- [           main] o.s.o.j.p.SpringPersistenceUnitInfo      : No LoadTimeWeaver setup: ignoring JPA class transformer
2024-01-04T15:37:51.055+01:00  INFO 12432 --- [           main] o.hibernate.id.enhanced.TableGenerator   : HHH000398: Explicit segment value for id generator [hibernate_sequences.sequence_name] suggested; using default [default]
2024-01-04T15:37:51.057+01:00  INFO 12432 --- [           main] o.h.b.i.BytecodeProviderInitiator        : HHH000021: Bytecode provider name : bytebuddy
2024-01-04T15:37:51.167+01:00  INFO 12432 --- [           main] o.h.e.t.j.p.i.JtaPlatformInitiator       : HHH000490: Using JtaPlatform implementation: [org.hibernate.engine.transaction.jta.platform.internal.NoJtaPlatform]
Hibernate: 
    create table club_news (
        news_id bigint generated by default as identity,
        created_at timestamp(6),
        description varchar(100000),
        image varchar(255),
        name varchar(255),
        created_by bigint,
        primary key (news_id)
    )
Hibernate: 
    create table club_rules (
        rules_id bigint generated by default as identity,
        description varchar(10000),
        image varchar(255),
        name varchar(255),
        primary key (rules_id)
    )
Hibernate: 
    create table hibernate_sequences (
        sequence_name varchar(255) not null,
        next_val bigint,
        primary key (sequence_name)
    )
Hibernate: 
    insert into hibernate_sequences(sequence_name, next_val) values ('default',0)
Hibernate: 
    create table membership (
        membership_id bigint generated by default as identity,
        active boolean,
        expire_date timestamp(6) not null,
        price float(53) not null,
        start_date timestamp(6) not null,
        user_id bigint,
        primary key (membership_id)
    )
Hibernate: 
    create table membership_training (
        membership_id bigint not null,
        training_id bigint not null,
        primary key (membership_id, training_id)
    )
Hibernate: 
    create table qrcode (
        qrcode_id bigint generated by default as identity,
        active boolean not null,
        expire_date timestamp(6),
        qrcode_value varchar(255),
        start_date timestamp(6),
        user_id bigint,
        primary key (qrcode_id)
    )
Hibernate: 
    create table schedule (
        schedule_id bigint generated by default as identity,
        schedule_day varchar(255),
        schedule_name varchar(255),
        schedule_time varchar(255),
        training_id bigint,
        primary key (schedule_id)
    )
Hibernate: 
    create table token (
        id bigint not null,
        expired boolean not null,
        revoked boolean not null,
        token varchar(255),
        token_type_enum varchar(255) check (token_type_enum in ('BEARER')),
        user_id bigint,
        primary key (id)
    )
Hibernate: 
    create table training (
        training_id bigint generated by default as identity,
        currency varchar(255) check (currency in ('USD')),
        description varchar(100000),
        image varchar(255),
        name varchar(255),
        price float(53) not null,
        primary key (training_id)
    )
Hibernate: 
    create table users (
        user_id bigint generated by default as identity,
        email varchar(255) not null,
        first_name varchar(255) not null,
        image blob,
        last_name varchar(255) not null,
        password varchar(255) not null,
        phone_number varchar(255) not null,
        registration_date timestamp(6),
        role varchar(255) check (role in ('USER','ADMIN','MANAGER')),
        trail_training boolean,
        primary key (user_id)
    )
Hibernate: 
    alter table if exists qrcode 
       drop constraint if exists UK_nbel5ieiwhyhkprxelo5vx7gm
Hibernate: 
    alter table if exists qrcode 
       add constraint UK_nbel5ieiwhyhkprxelo5vx7gm unique (user_id)
Hibernate: 
    alter table if exists users 
       drop constraint if exists UK_6dotkott2kjsp8vw4d0m25fb7
Hibernate: 
    alter table if exists users 
       add constraint UK_6dotkott2kjsp8vw4d0m25fb7 unique (email)
Hibernate: 
    alter table if exists club_news 
       add constraint FKbtgsgl6gji5haywvt3npry1og 
       foreign key (created_by) 
       references users
Hibernate: 
    alter table if exists membership 
       add constraint FK7ccx5hs0p61m5wrwywf0q2cdv 
       foreign key (user_id) 
       references users
Hibernate: 
    alter table if exists membership_training 
       add constraint FKar8fc2l4017ncpjvi676vmxk2 
       foreign key (training_id) 
       references training
Hibernate: 
    alter table if exists membership_training 
       add constraint FKnq2jvhauovkvhxrv3alukmo4f 
       foreign key (membership_id) 
       references membership
Hibernate: 
    alter table if exists qrcode 
       add constraint FK9ihlsvgrbopxh0iugn71o3jgm 
       foreign key (user_id) 
       references users
Hibernate: 
    alter table if exists schedule 
       add constraint FKmgbt1qjunxgpokmfyrt76srok 
       foreign key (training_id) 
       references training
Hibernate: 
    alter table if exists token 
       add constraint FKj8rfw4x0wjjyibfqq566j4qng 
       foreign key (user_id) 
       references users
2024-01-04T15:37:51.184+01:00  INFO 12432 --- [           main] j.LocalContainerEntityManagerFactoryBean : Initialized JPA EntityManagerFactory for persistence unit 'default'
2024-01-04T15:37:51.369+01:00  INFO 12432 --- [           main] c.e.p.repository.TrainingRepositoryTest  : Started TrainingRepositoryTest in 0.63 seconds (process running for 63.258)
Hibernate: 
    insert 
    into
        training
        (currency,description,image,name,price,training_id) 
    values
        (?,?,?,?,?,default)
Hibernate: 
    insert 
    into
        training
        (currency,description,image,name,price,training_id) 
    values
        (?,?,?,?,?,default)
Hibernate: 
    insert 
    into
        users
        (email,first_name,image,last_name,password,phone_number,registration_date,role,trail_training,user_id) 
    values
        (?,?,?,?,?,?,?,?,?,default)
Hibernate: 
    insert 
    into
        users
        (email,first_name,image,last_name,password,phone_number,registration_date,role,trail_training,user_id) 
    values
        (?,?,?,?,?,?,?,?,?,default)
Hibernate: 
    insert 
    into
        users
        (email,first_name,image,last_name,password,phone_number,registration_date,role,trail_training,user_id) 
    values
        (?,?,?,?,?,?,?,?,?,default)
Hibernate: 
    insert 
    into
        membership
        (active,expire_date,price,start_date,user_id,membership_id) 
    values
        (?,?,?,?,?,default)
Hibernate: 
    insert 
    into
        membership
        (active,expire_date,price,start_date,user_id,membership_id) 
    values
        (?,?,?,?,?,default)
Hibernate: 
    insert 
    into
        membership
        (active,expire_date,price,start_date,user_id,membership_id) 
    values
        (?,?,?,?,?,default)
Hibernate: 
    insert 
    into
        membership_training
        (membership_id,training_id) 
    values
        (?,?)
Hibernate: 
    insert 
    into
        membership_training
        (membership_id,training_id) 
    values
        (?,?)
Hibernate: 
    insert 
    into
        membership_training
        (membership_id,training_id) 
    values
        (?,?)
Hibernate: 
    SELECT
        t.name 
    FROM
        training t 
    JOIN
        membership_training mt 
            ON t.training_id = mt.training_id 
    JOIN
        membership m 
            ON mt.membership_id = m.membership_id 
    WHERE
        m.start_date BETWEEN ? AND ? 
    GROUP BY
        t.training_id,
        t.name 
    ORDER BY
        SUM(t.price) DESC LIMIT 1
]]></system-out>
  </testcase>
  <testcase name="findAllSets" classname="com.example.posganize.repository.TrainingRepositoryTest" time="0.642">
    <system-out><![CDATA[2024-01-04T15:37:51.405+01:00  INFO 12432 --- [           main] j.LocalContainerEntityManagerFactoryBean : Closing JPA EntityManagerFactory for persistence unit 'default'

  .   ____          _            __ _ _
 /\\ / ___'_ __ _ _(_)_ __  __ _ \ \ \ \
( ( )\___ | '_ | '_| | '_ \/ _` | \ \ \ \
 \\/  ___)| |_)| | | | | || (_| |  ) ) ) )
  '  |____| .__|_| |_|_| |_\__, | / / / /
 =========|_|==============|___/=/_/_/_/
 :: Spring Boot ::                (v3.1.3)

2024-01-04T15:37:51.450+01:00  INFO 12432 --- [           main] c.e.p.repository.TrainingRepositoryTest  : Starting TrainingRepositoryTest using Java 17.0.7 with PID 12432 (started by DzOnZi in C:\Users\DzOnZi\Desktop\Posganize.be)
2024-01-04T15:37:51.450+01:00  INFO 12432 --- [           main] c.e.p.repository.TrainingRepositoryTest  : No active profile set, falling back to 1 default profile: "default"
2024-01-04T15:37:51.591+01:00  INFO 12432 --- [           main] .s.d.r.c.RepositoryConfigurationDelegate : Bootstrapping Spring Data JPA repositories in DEFAULT mode.
2024-01-04T15:37:51.631+01:00  INFO 12432 --- [           main] .s.d.r.c.RepositoryConfigurationDelegate : Finished Spring Data repository scanning in 39 ms. Found 7 JPA repository interfaces.
2024-01-04T15:37:51.640+01:00  INFO 12432 --- [           main] beddedDataSourceBeanFactoryPostProcessor : Replacing 'dataSource' DataSource bean with embedded version
2024-01-04T15:37:51.651+01:00  INFO 12432 --- [           main] o.s.j.d.e.EmbeddedDatabaseFactory        : Starting embedded database: url='jdbc:h2:mem:8ae1dcf8-c50f-4a5f-8822-2ca1fe9beca2;DB_CLOSE_DELAY=-1;DB_CLOSE_ON_EXIT=false', username='sa'
2024-01-04T15:37:51.674+01:00  INFO 12432 --- [           main] o.hibernate.jpa.internal.util.LogHelper  : HHH000204: Processing PersistenceUnitInfo [name: default]
2024-01-04T15:37:51.687+01:00  INFO 12432 --- [           main] o.h.b.i.BytecodeProviderInitiator        : HHH000021: Bytecode provider name : bytebuddy
2024-01-04T15:37:51.687+01:00  INFO 12432 --- [           main] o.s.o.j.p.SpringPersistenceUnitInfo      : No LoadTimeWeaver setup: ignoring JPA class transformer
2024-01-04T15:37:51.719+01:00  INFO 12432 --- [           main] o.hibernate.id.enhanced.TableGenerator   : HHH000398: Explicit segment value for id generator [hibernate_sequences.sequence_name] suggested; using default [default]
2024-01-04T15:37:51.721+01:00  INFO 12432 --- [           main] o.h.b.i.BytecodeProviderInitiator        : HHH000021: Bytecode provider name : bytebuddy
2024-01-04T15:37:51.849+01:00  INFO 12432 --- [           main] o.h.e.t.j.p.i.JtaPlatformInitiator       : HHH000490: Using JtaPlatform implementation: [org.hibernate.engine.transaction.jta.platform.internal.NoJtaPlatform]
Hibernate: 
    create table club_news (
        news_id bigint generated by default as identity,
        created_at timestamp(6),
        description varchar(100000),
        image varchar(255),
        name varchar(255),
        created_by bigint,
        primary key (news_id)
    )
Hibernate: 
    create table club_rules (
        rules_id bigint generated by default as identity,
        description varchar(10000),
        image varchar(255),
        name varchar(255),
        primary key (rules_id)
    )
Hibernate: 
    create table hibernate_sequences (
        sequence_name varchar(255) not null,
        next_val bigint,
        primary key (sequence_name)
    )
Hibernate: 
    insert into hibernate_sequences(sequence_name, next_val) values ('default',0)
Hibernate: 
    create table membership (
        membership_id bigint generated by default as identity,
        active boolean,
        expire_date timestamp(6) not null,
        price float(53) not null,
        start_date timestamp(6) not null,
        user_id bigint,
        primary key (membership_id)
    )
Hibernate: 
    create table membership_training (
        membership_id bigint not null,
        training_id bigint not null,
        primary key (membership_id, training_id)
    )
Hibernate: 
    create table qrcode (
        qrcode_id bigint generated by default as identity,
        active boolean not null,
        expire_date timestamp(6),
        qrcode_value varchar(255),
        start_date timestamp(6),
        user_id bigint,
        primary key (qrcode_id)
    )
Hibernate: 
    create table schedule (
        schedule_id bigint generated by default as identity,
        schedule_day varchar(255),
        schedule_name varchar(255),
        schedule_time varchar(255),
        training_id bigint,
        primary key (schedule_id)
    )
Hibernate: 
    create table token (
        id bigint not null,
        expired boolean not null,
        revoked boolean not null,
        token varchar(255),
        token_type_enum varchar(255) check (token_type_enum in ('BEARER')),
        user_id bigint,
        primary key (id)
    )
Hibernate: 
    create table training (
        training_id bigint generated by default as identity,
        currency varchar(255) check (currency in ('USD')),
        description varchar(100000),
        image varchar(255),
        name varchar(255),
        price float(53) not null,
        primary key (training_id)
    )
Hibernate: 
    create table users (
        user_id bigint generated by default as identity,
        email varchar(255) not null,
        first_name varchar(255) not null,
        image blob,
        last_name varchar(255) not null,
        password varchar(255) not null,
        phone_number varchar(255) not null,
        registration_date timestamp(6),
        role varchar(255) check (role in ('USER','ADMIN','MANAGER')),
        trail_training boolean,
        primary key (user_id)
    )
Hibernate: 
    alter table if exists qrcode 
       drop constraint if exists UK_nbel5ieiwhyhkprxelo5vx7gm
Hibernate: 
    alter table if exists qrcode 
       add constraint UK_nbel5ieiwhyhkprxelo5vx7gm unique (user_id)
Hibernate: 
    alter table if exists users 
       drop constraint if exists UK_6dotkott2kjsp8vw4d0m25fb7
Hibernate: 
    alter table if exists users 
       add constraint UK_6dotkott2kjsp8vw4d0m25fb7 unique (email)
Hibernate: 
    alter table if exists club_news 
       add constraint FKbtgsgl6gji5haywvt3npry1og 
       foreign key (created_by) 
       references users
Hibernate: 
    alter table if exists membership 
       add constraint FK7ccx5hs0p61m5wrwywf0q2cdv 
       foreign key (user_id) 
       references users
Hibernate: 
    alter table if exists membership_training 
       add constraint FKar8fc2l4017ncpjvi676vmxk2 
       foreign key (training_id) 
       references training
Hibernate: 
    alter table if exists membership_training 
       add constraint FKnq2jvhauovkvhxrv3alukmo4f 
       foreign key (membership_id) 
       references membership
Hibernate: 
    alter table if exists qrcode 
       add constraint FK9ihlsvgrbopxh0iugn71o3jgm 
       foreign key (user_id) 
       references users
Hibernate: 
    alter table if exists schedule 
       add constraint FKmgbt1qjunxgpokmfyrt76srok 
       foreign key (training_id) 
       references training
Hibernate: 
    alter table if exists token 
       add constraint FKj8rfw4x0wjjyibfqq566j4qng 
       foreign key (user_id) 
       references users
2024-01-04T15:37:51.867+01:00  INFO 12432 --- [           main] j.LocalContainerEntityManagerFactoryBean : Initialized JPA EntityManagerFactory for persistence unit 'default'
2024-01-04T15:37:52.024+01:00  INFO 12432 --- [           main] c.e.p.repository.TrainingRepositoryTest  : Started TrainingRepositoryTest in 0.611 seconds (process running for 63.914)
Hibernate: 
    insert 
    into
        training
        (currency,description,image,name,price,training_id) 
    values
        (?,?,?,?,?,default)
Hibernate: 
    insert 
    into
        training
        (currency,description,image,name,price,training_id) 
    values
        (?,?,?,?,?,default)
Hibernate: 
    SELECT
        * 
    FROM
        training
]]></system-out>
  </testcase>
</testsuite>