<?xml version="1.0" encoding="UTF-8"?>
<testsuite xmlns:xsi="http://www.w3.org/2001/XMLSchema-instance" xsi:noNamespaceSchemaLocation="https://maven.apache.org/surefire/maven-surefire-plugin/xsd/surefire-test-report-3.0.xsd" version="3.0" name="com.example.posganize.services.membership.MembershipServiceTest" time="4.218" tests="8" errors="0" skipped="0" failures="0">
  <properties>
[...]
</properties>
  <testcase name="getMembership" classname="com.example.posganize.services.membership.MembershipServiceTest" time="0.014">
    <system-out><![CDATA[2024-01-04T14:48:36.429+01:00  INFO 11888 --- [           main] t.c.s.AnnotationConfigContextLoaderUtils : Could not detect default configuration classes for test class [com.example.posganize.services.membership.MembershipServiceTest]: MembershipServiceTest does not declare any static, non-private, non-final, nested classes annotated with @Configuration.
2024-01-04T14:48:36.446+01:00  INFO 11888 --- [           main] .b.t.c.SpringBootTestContextBootstrapper : Found @SpringBootConfiguration com.example.posganize.PosganizeApplication for test class com.example.posganize.services.membership.MembershipServiceTest

  .   ____          _            __ _ _
 /\\ / ___'_ __ _ _(_)_ __  __ _ \ \ \ \
( ( )\___ | '_ | '_| | '_ \/ _` | \ \ \ \
 \\/  ___)| |_)| | | | | || (_| |  ) ) ) )
  '  |____| .__|_| |_|_| |_\__, | / / / /
 =========|_|==============|___/=/_/_/_/
 :: Spring Boot ::                (v3.1.3)

2024-01-04T14:48:36.473+01:00  INFO 11888 --- [           main] c.e.p.s.m.MembershipServiceTest          : Starting MembershipServiceTest using Java 17.0.7 with PID 11888 (started by DzOnZi in C:\Users\DzOnZi\Desktop\Posganize.be)
2024-01-04T14:48:36.476+01:00  INFO 11888 --- [           main] c.e.p.s.m.MembershipServiceTest          : No active profile set, falling back to 1 default profile: "default"
2024-01-04T14:48:36.753+01:00  INFO 11888 --- [           main] .s.d.r.c.RepositoryConfigurationDelegate : Bootstrapping Spring Data JPA repositories in DEFAULT mode.
2024-01-04T14:48:36.801+01:00  INFO 11888 --- [           main] .s.d.r.c.RepositoryConfigurationDelegate : Finished Spring Data repository scanning in 48 ms. Found 7 JPA repository interfaces.
2024-01-04T14:48:37.152+01:00  INFO 11888 --- [           main] o.hibernate.jpa.internal.util.LogHelper  : HHH000204: Processing PersistenceUnitInfo [name: default]
2024-01-04T14:48:37.164+01:00  INFO 11888 --- [           main] o.h.b.i.BytecodeProviderInitiator        : HHH000021: Bytecode provider name : bytebuddy
2024-01-04T14:48:37.164+01:00  INFO 11888 --- [           main] o.s.o.j.p.SpringPersistenceUnitInfo      : No LoadTimeWeaver setup: ignoring JPA class transformer
2024-01-04T14:48:37.165+01:00  INFO 11888 --- [           main] com.zaxxer.hikari.HikariDataSource       : HikariPool-3 - Starting...
2024-01-04T14:48:37.616+01:00  INFO 11888 --- [           main] com.zaxxer.hikari.pool.HikariPool        : HikariPool-3 - Added connection com.mysql.cj.jdbc.ConnectionImpl@17b88751
2024-01-04T14:48:37.616+01:00  INFO 11888 --- [           main] com.zaxxer.hikari.HikariDataSource       : HikariPool-3 - Start completed.
2024-01-04T14:48:37.682+01:00  INFO 11888 --- [           main] o.hibernate.id.enhanced.TableGenerator   : HHH000398: Explicit segment value for id generator [hibernate_sequences.sequence_name] suggested; using default [default]
2024-01-04T14:48:37.683+01:00  INFO 11888 --- [           main] o.h.b.i.BytecodeProviderInitiator        : HHH000021: Bytecode provider name : bytebuddy
2024-01-04T14:48:37.788+01:00  INFO 11888 --- [           main] o.h.e.t.j.p.i.JtaPlatformInitiator       : HHH000490: Using JtaPlatform implementation: [org.hibernate.engine.transaction.jta.platform.internal.NoJtaPlatform]
Hibernate: 
    alter table club_news 
       modify column created_at  datetime(6)
Hibernate: 
    alter table club_news 
       modify column description  mediumtext
Hibernate: 
    alter table membership 
       modify column expire_date  datetime(6) not null
Hibernate: 
    alter table membership 
       modify column price  float(53) not null
Hibernate: 
    alter table membership 
       modify column start_date  datetime(6) not null
Hibernate: 
    alter table qrcode 
       modify column expire_date  datetime(6)
Hibernate: 
    alter table qrcode 
       modify column start_date  datetime(6)
Hibernate: 
    alter table token 
       modify column token_type_enum  enum ('BEARER')
Hibernate: 
    alter table training 
       modify column currency  enum ('USD')
Hibernate: 
    alter table training 
       modify column description  mediumtext
Hibernate: 
    alter table training 
       modify column price  float(53) not null
Hibernate: 
    alter table users 
       modify column image  mediumblob
Hibernate: 
    alter table users 
       modify column registration_date  datetime(6)
Hibernate: 
    alter table users 
       modify column role  enum ('ADMIN','MANAGER','USER')
2024-01-04T14:48:40.190+01:00  INFO 11888 --- [           main] j.LocalContainerEntityManagerFactoryBean : Initialized JPA EntityManagerFactory for persistence unit 'default'
2024-01-04T14:48:40.366+01:00  WARN 11888 --- [           main] JpaBaseConfiguration$JpaWebConfiguration : spring.jpa.open-in-view is enabled by default. Therefore, database queries may be performed during view rendering. Explicitly configure spring.jpa.open-in-view to disable this warning
2024-01-04T14:48:40.388+01:00  INFO 11888 --- [           main] o.s.s.web.DefaultSecurityFilterChain     : Will secure any request with [org.springframework.security.web.session.DisableEncodeUrlFilter@3bb3a0fb, org.springframework.security.web.context.request.async.WebAsyncManagerIntegrationFilter@209aeddc, org.springframework.security.web.context.SecurityContextHolderFilter@2b7b5ef7, org.springframework.security.web.header.HeaderWriterFilter@631d5ed3, org.springframework.web.filter.CorsFilter@1a68eb79, org.springframework.security.web.authentication.logout.LogoutFilter@22b720b9, com.example.posganize.config.JwtAuthenticationFilter@c8f14da, org.springframework.security.web.savedrequest.RequestCacheAwareFilter@5bd7c350, org.springframework.security.web.servletapi.SecurityContextHolderAwareRequestFilter@52b5f53f, org.springframework.security.web.authentication.AnonymousAuthenticationFilter@554044c2, org.springframework.security.web.session.SessionManagementFilter@9b109e9, org.springframework.security.web.access.ExceptionTranslationFilter@3578b49c, org.springframework.security.web.access.intercept.AuthorizationFilter@3afeb32d]
2024-01-04T14:48:40.587+01:00  INFO 11888 --- [           main] s.a.ScheduledAnnotationBeanPostProcessor : No TaskScheduler/ScheduledExecutorService bean found for scheduled processing
2024-01-04T14:48:40.588+01:00  INFO 11888 --- [           main] c.e.p.s.m.MembershipServiceTest          : Started MembershipServiceTest in 4.136 seconds (process running for 49.581)
]]></system-out>
  </testcase>
  <testcase name="getAllMembershipsByUserId" classname="com.example.posganize.services.membership.MembershipServiceTest" time="0.004"/>
  <testcase name="isActiveMembershipByUserId" classname="com.example.posganize.services.membership.MembershipServiceTest" time="0.006"/>
  <testcase name="getAllMemberships" classname="com.example.posganize.services.membership.MembershipServiceTest" time="0.003"/>
  <testcase name="createMembership" classname="com.example.posganize.services.membership.MembershipServiceTest" time="0.007"/>
  <testcase name="deleteMembership" classname="com.example.posganize.services.membership.MembershipServiceTest" time="0.005"/>
  <testcase name="updateMembership" classname="com.example.posganize.services.membership.MembershipServiceTest" time="0.004"/>
  <testcase name="getRevenueAndMembers" classname="com.example.posganize.services.membership.MembershipServiceTest" time="0.005"/>
</testsuite>